{
  "RSpec": {
    "coverage": {
      "/Users/angeladuran/turing/2module/final-challenge/music_box_1804_final/spec/features/genre_index_spec.rb": [
        1,
        null,
        1,
        1,
        1,
        1,
        1,
        null,
        1,
        null,
        1,
        1,
        null,
        1,
        null,
        1,
        null,
        1,
        1,
        1,
        null,
        1,
        null,
        1,
        null,
        null,
        1,
        1,
        1,
        1,
        1,
        null,
        1,
        null,
        1,
        null,
        1,
        null,
        1,
        1,
        null,
        1,
        1,
        1,
        1,
        null,
        null,
        null
      ],
      "/Users/angeladuran/turing/2module/final-challenge/music_box_1804_final/spec/features/login_spec.rb": [
        1,
        null,
        null,
        null,
        null,
        null,
        null,
        null,
        null,
        null,
        null,
        null,
        null,
        null,
        1,
        1,
        1,
        null,
        1,
        1,
        1,
        1,
        1,
        null,
        1,
        1,
        1,
        1,
        null,
        1,
        1,
        null,
        1,
        1,
        1,
        1,
        1,
        null,
        1,
        1,
        1,
        null,
        1,
        null,
        null
      ],
      "/Users/angeladuran/turing/2module/final-challenge/music_box_1804_final/spec/features/nav_works_spec.rb": [
        1,
        null,
        1,
        1,
        1,
        null,
        1,
        null,
        1,
        null,
        null
      ],
      "/Users/angeladuran/turing/2module/final-challenge/music_box_1804_final/spec/features/registration_spec.rb": [
        1,
        null,
        null,
        null,
        null,
        null,
        null,
        null,
        null,
        null,
        null,
        null,
        1,
        1,
        1,
        null,
        1,
        null,
        1,
        null,
        1,
        null,
        1,
        1,
        null,
        1,
        null,
        1,
        1,
        null,
        1,
        1,
        1,
        1,
        null,
        1,
        null,
        1,
        null,
        1,
        null,
        1,
        1,
        null,
        1,
        null,
        1,
        1,
        null,
        null
      ],
      "/Users/angeladuran/turing/2module/final-challenge/music_box_1804_final/spec/features/user_can_add_songs_to_cart_spec.rb": [
        1,
        null,
        1,
        1,
        1,
        1,
        null,
        1,
        null,
        1,
        null,
        1,
        null,
        1,
        null,
        1,
        null,
        1,
        1,
        1,
        null,
        1,
        null,
        1,
        null,
        1,
        null,
        1,
        null,
        null
      ],
      "/Users/angeladuran/turing/2module/final-challenge/music_box_1804_final/spec/features/user_can_create_a_new_song_spec.rb": [
        1,
        null,
        1,
        1,
        1,
        1,
        1,
        1,
        1,
        null,
        1,
        null,
        1,
        1,
        1,
        1,
        null,
        1,
        null,
        1,
        1,
        null,
        1,
        1,
        1,
        1,
        1,
        1,
        null,
        1,
        null,
        1,
        1,
        1,
        1,
        null,
        1,
        null,
        1,
        null,
        null
      ],
      "/Users/angeladuran/turing/2module/final-challenge/music_box_1804_final/spec/features/user_can_see_song_show_spec.rb": [
        1,
        null,
        1,
        1,
        1,
        1,
        1,
        null,
        1,
        null,
        1,
        null,
        1,
        1,
        1,
        1,
        null,
        1,
        1,
        1,
        null,
        1,
        null,
        1,
        null,
        1,
        1,
        1,
        1,
        1,
        1,
        null,
        1,
        null,
        1,
        1,
        1,
        1,
        null,
        null,
        null
      ],
      "/Users/angeladuran/turing/2module/final-challenge/music_box_1804_final/spec/features/user_sees_all_songs_spec.rb": [
        1,
        null,
        1,
        1,
        1,
        1,
        1,
        null,
        1,
        null,
        1,
        1,
        1,
        1,
        1,
        null,
        null
      ],
      "/Users/angeladuran/turing/2module/final-challenge/music_box_1804_final/spec/features/user_sees_form_to_create_artist_spec.rb": [
        1,
        null,
        1,
        1,
        1,
        null,
        1,
        null,
        1,
        null,
        1,
        null,
        1,
        null,
        null
      ],
      "/Users/angeladuran/turing/2module/final-challenge/music_box_1804_final/spec/features/visitor_sees_genre_show_spec.rb": [
        1,
        null,
        1,
        1,
        1,
        1,
        1,
        1,
        1,
        null,
        1,
        null,
        1,
        1,
        1,
        null,
        1,
        1,
        1,
        1,
        1,
        1,
        null,
        1,
        null,
        1,
        null,
        null,
        null
      ],
      "/Users/angeladuran/turing/2module/final-challenge/music_box_1804_final/spec/models/artist_spec.rb": [
        1,
        null,
        1,
        1,
        2,
        null,
        null,
        1,
        2,
        null,
        null
      ],
      "/Users/angeladuran/turing/2module/final-challenge/music_box_1804_final/app/models/artist.rb": [
        1,
        1,
        null,
        1,
        null
      ],
      "/Users/angeladuran/turing/2module/final-challenge/music_box_1804_final/app/models/application_record.rb": [
        1,
        1,
        null
      ],
      "/Users/angeladuran/turing/2module/final-challenge/music_box_1804_final/spec/models/cart_spec.rb": [
        1,
        null,
        1,
        1,
        1,
        2,
        null,
        null,
        null,
        null,
        1,
        1,
        null,
        1,
        1,
        1,
        null,
        1,
        null,
        null,
        null
      ],
      "/Users/angeladuran/turing/2module/final-challenge/music_box_1804_final/app/models/cart.rb": [
        1,
        1,
        null,
        1,
        55,
        null,
        null,
        1,
        40,
        null,
        null,
        1,
        5,
        5,
        null,
        null
      ],
      "/Users/angeladuran/turing/2module/final-challenge/music_box_1804_final/spec/models/genre_spec.rb": [
        1,
        null,
        1,
        1,
        2,
        null,
        null,
        1,
        2,
        2,
        null,
        null,
        1,
        1,
        1,
        1,
        1,
        1,
        null,
        1,
        null,
        1,
        null,
        null,
        null
      ],
      "/Users/angeladuran/turing/2module/final-challenge/music_box_1804_final/app/models/genre.rb": [
        1,
        null,
        1,
        null,
        1,
        1,
        null,
        1,
        4,
        null,
        null,
        null
      ],
      "/Users/angeladuran/turing/2module/final-challenge/music_box_1804_final/spec/models/playlist_spec.rb": [
        1,
        null,
        1,
        1,
        2,
        null,
        null
      ],
      "/Users/angeladuran/turing/2module/final-challenge/music_box_1804_final/app/models/playlist.rb": [
        1,
        1,
        1,
        null
      ],
      "/Users/angeladuran/turing/2module/final-challenge/music_box_1804_final/spec/models/song_spec.rb": [
        1,
        null,
        1,
        1,
        2,
        2,
        2,
        null,
        null,
        1,
        2,
        2,
        2,
        null,
        null
      ],
      "/Users/angeladuran/turing/2module/final-challenge/music_box_1804_final/app/models/song.rb": [
        1,
        1,
        1,
        1,
        1,
        null,
        1,
        1,
        null,
        1,
        null,
        null,
        1,
        3,
        null,
        null,
        1,
        20,
        null,
        null
      ],
      "/Users/angeladuran/turing/2module/final-challenge/music_box_1804_final/spec/models/user_spec.rb": [
        1,
        null,
        1,
        1,
        2,
        2,
        2,
        null,
        null,
        1,
        1,
        1,
        null,
        1,
        1,
        null,
        null,
        1,
        1,
        null,
        1,
        1,
        null,
        null,
        null
      ],
      "/Users/angeladuran/turing/2module/final-challenge/music_box_1804_final/app/models/user.rb": [
        1,
        1,
        1,
        null,
        1,
        null,
        1,
        null
      ],
      "/Users/angeladuran/turing/2module/final-challenge/music_box_1804_final/app/models/song_genre.rb": [
        1,
        null,
        1,
        1,
        null,
        null
      ],
      "/Users/angeladuran/turing/2module/final-challenge/music_box_1804_final/app/controllers/songs_controller.rb": [
        1,
        null,
        1,
        8,
        null,
        null,
        1,
        3,
        null,
        null,
        1,
        2,
        2,
        null,
        null,
        1,
        2,
        2,
        1,
        null,
        2,
        2,
        2,
        null,
        0,
        null,
        null,
        null,
        1,
        1,
        2,
        null,
        null,
        null
      ],
      "/Users/angeladuran/turing/2module/final-challenge/music_box_1804_final/app/controllers/application_controller.rb": [
        1,
        1,
        null,
        1,
        1,
        null,
        1,
        null,
        1,
        10,
        3,
        null,
        null,
        null,
        1,
        6,
        null,
        null,
        1,
        50,
        null,
        null
      ],
      "/Users/angeladuran/turing/2module/final-challenge/music_box_1804_final/app/controllers/welcome_controller.rb": [
        1,
        null,
        1,
        null,
        null,
        null
      ],
      "/Users/angeladuran/turing/2module/final-challenge/music_box_1804_final/app/controllers/sessions_controller.rb": [
        1,
        1,
        null,
        null,
        null,
        1,
        2,
        2,
        2,
        2,
        null,
        null,
        0,
        null,
        null,
        null,
        1,
        1,
        1,
        null,
        null
      ],
      "/Users/angeladuran/turing/2module/final-challenge/music_box_1804_final/app/controllers/users_controller.rb": [
        1,
        null,
        1,
        2,
        null,
        null,
        1,
        2,
        2,
        1,
        1,
        null,
        1,
        null,
        null,
        null,
        1,
        3,
        null,
        null,
        1,
        null,
        1,
        2,
        null,
        null
      ],
      "/Users/angeladuran/turing/2module/final-challenge/music_box_1804_final/app/models/playlist_song.rb": [
        1,
        1,
        1,
        null
      ],
      "/Users/angeladuran/turing/2module/final-challenge/music_box_1804_final/app/controllers/genres_controller.rb": [
        1,
        null,
        1,
        4,
        4,
        null,
        null,
        1,
        3,
        null,
        null,
        1,
        1,
        1,
        1,
        null,
        0,
        null,
        null,
        null,
        1,
        null,
        1,
        1,
        null,
        null,
        null
      ],
      "/Users/angeladuran/turing/2module/final-challenge/music_box_1804_final/app/controllers/artists_controller.rb": [
        1,
        null,
        1,
        2,
        null,
        null,
        1,
        2,
        null,
        null,
        1,
        1,
        1,
        1,
        null,
        0,
        null,
        null,
        null,
        1,
        null,
        1,
        1,
        null,
        null,
        null
      ],
      "/Users/angeladuran/turing/2module/final-challenge/music_box_1804_final/app/controllers/admin/categories_controller.rb": [
        1,
        null,
        1,
        null,
        null,
        null
      ],
      "/Users/angeladuran/turing/2module/final-challenge/music_box_1804_final/app/controllers/admin/base_controller.rb": [
        1,
        1,
        null,
        1,
        1,
        2,
        null,
        null
      ],
      "/Users/angeladuran/turing/2module/final-challenge/music_box_1804_final/app/controllers/carts_controller.rb": [
        1,
        1,
        null,
        1,
        3,
        null,
        3,
        3,
        3,
        3,
        null,
        3,
        3,
        null,
        null
      ]
    },
    "timestamp": 1533055967
  }
}
